<?xml version="1.0" encoding="UTF-8"?>
<testsuite xmlns:xsi="http://www.w3.org/2001/XMLSchema-instance" xsi:noNamespaceSchemaLocation="https://maven.apache.org/surefire/maven-surefire-plugin/xsd/surefire-test-report.xsd" name="com.hello.hello.HelloApplicationTests" time="7.844" tests="1" errors="0" skipped="0" failures="0">
  <properties>
    <property name="sun.desktop" value="gnome"/>
    <property name="awt.toolkit" value="sun.awt.X11.XToolkit"/>
    <property name="file.encoding.pkg" value="sun.io"/>
    <property name="java.specification.version" value="1.8"/>
    <property name="sun.cpu.isalist" value=""/>
    <property name="sun.jnu.encoding" value="UTF-8"/>
    <property name="java.class.path" value="/home/prashantsingh/Desktop/STS_Workspace/taskdemo/target/test-classes:/home/prashantsingh/Desktop/STS_Workspace/taskdemo/target/classes:/home/prashantsingh/.m2/repository/org/springframework/boot/spring-boot-starter/2.1.4.RELEASE/spring-boot-starter-2.1.4.RELEASE.jar:/home/prashantsingh/.m2/repository/org/springframework/boot/spring-boot/2.1.4.RELEASE/spring-boot-2.1.4.RELEASE.jar:/home/prashantsingh/.m2/repository/org/springframework/spring-context/5.1.6.RELEASE/spring-context-5.1.6.RELEASE.jar:/home/prashantsingh/.m2/repository/org/springframework/spring-expression/5.1.6.RELEASE/spring-expression-5.1.6.RELEASE.jar:/home/prashantsingh/.m2/repository/org/springframework/boot/spring-boot-autoconfigure/2.1.4.RELEASE/spring-boot-autoconfigure-2.1.4.RELEASE.jar:/home/prashantsingh/.m2/repository/org/springframework/boot/spring-boot-starter-logging/2.1.4.RELEASE/spring-boot-starter-logging-2.1.4.RELEASE.jar:/home/prashantsingh/.m2/repository/ch/qos/logback/logback-classic/1.2.3/logback-classic-1.2.3.jar:/home/prashantsingh/.m2/repository/ch/qos/logback/logback-core/1.2.3/logback-core-1.2.3.jar:/home/prashantsingh/.m2/repository/org/apache/logging/log4j/log4j-to-slf4j/2.11.2/log4j-to-slf4j-2.11.2.jar:/home/prashantsingh/.m2/repository/org/apache/logging/log4j/log4j-api/2.11.2/log4j-api-2.11.2.jar:/home/prashantsingh/.m2/repository/org/slf4j/jul-to-slf4j/1.7.26/jul-to-slf4j-1.7.26.jar:/home/prashantsingh/.m2/repository/javax/annotation/javax.annotation-api/1.3.2/javax.annotation-api-1.3.2.jar:/home/prashantsingh/.m2/repository/org/springframework/spring-core/5.1.6.RELEASE/spring-core-5.1.6.RELEASE.jar:/home/prashantsingh/.m2/repository/org/springframework/spring-jcl/5.1.6.RELEASE/spring-jcl-5.1.6.RELEASE.jar:/home/prashantsingh/.m2/repository/org/yaml/snakeyaml/1.23/snakeyaml-1.23.jar:/home/prashantsingh/.m2/repository/org/springframework/boot/spring-boot-starter-test/2.1.4.RELEASE/spring-boot-starter-test-2.1.4.RELEASE.jar:/home/prashantsingh/.m2/repository/org/springframework/boot/spring-boot-test/2.1.4.RELEASE/spring-boot-test-2.1.4.RELEASE.jar:/home/prashantsingh/.m2/repository/org/springframework/boot/spring-boot-test-autoconfigure/2.1.4.RELEASE/spring-boot-test-autoconfigure-2.1.4.RELEASE.jar:/home/prashantsingh/.m2/repository/com/jayway/jsonpath/json-path/2.4.0/json-path-2.4.0.jar:/home/prashantsingh/.m2/repository/net/minidev/json-smart/2.3/json-smart-2.3.jar:/home/prashantsingh/.m2/repository/net/minidev/accessors-smart/1.2/accessors-smart-1.2.jar:/home/prashantsingh/.m2/repository/org/ow2/asm/asm/5.0.4/asm-5.0.4.jar:/home/prashantsingh/.m2/repository/org/slf4j/slf4j-api/1.7.26/slf4j-api-1.7.26.jar:/home/prashantsingh/.m2/repository/junit/junit/4.12/junit-4.12.jar:/home/prashantsingh/.m2/repository/org/assertj/assertj-core/3.11.1/assertj-core-3.11.1.jar:/home/prashantsingh/.m2/repository/org/mockito/mockito-core/2.23.4/mockito-core-2.23.4.jar:/home/prashantsingh/.m2/repository/net/bytebuddy/byte-buddy-agent/1.9.12/byte-buddy-agent-1.9.12.jar:/home/prashantsingh/.m2/repository/org/objenesis/objenesis/2.6/objenesis-2.6.jar:/home/prashantsingh/.m2/repository/org/hamcrest/hamcrest-core/1.3/hamcrest-core-1.3.jar:/home/prashantsingh/.m2/repository/org/hamcrest/hamcrest-library/1.3/hamcrest-library-1.3.jar:/home/prashantsingh/.m2/repository/org/skyscreamer/jsonassert/1.5.0/jsonassert-1.5.0.jar:/home/prashantsingh/.m2/repository/com/vaadin/external/google/android-json/0.0.20131108.vaadin1/android-json-0.0.20131108.vaadin1.jar:/home/prashantsingh/.m2/repository/org/springframework/spring-test/5.1.6.RELEASE/spring-test-5.1.6.RELEASE.jar:/home/prashantsingh/.m2/repository/org/xmlunit/xmlunit-core/2.6.2/xmlunit-core-2.6.2.jar:/home/prashantsingh/.m2/repository/log4j/log4j/1.2.17/log4j-1.2.17.jar:/home/prashantsingh/.m2/repository/org/springframework/boot/spring-boot-starter-data-jpa/2.1.4.RELEASE/spring-boot-starter-data-jpa-2.1.4.RELEASE.jar:/home/prashantsingh/.m2/repository/org/springframework/boot/spring-boot-starter-aop/2.1.4.RELEASE/spring-boot-starter-aop-2.1.4.RELEASE.jar:/home/prashantsingh/.m2/repository/org/springframework/spring-aop/5.1.6.RELEASE/spring-aop-5.1.6.RELEASE.jar:/home/prashantsingh/.m2/repository/org/aspectj/aspectjweaver/1.9.2/aspectjweaver-1.9.2.jar:/home/prashantsingh/.m2/repository/org/springframework/boot/spring-boot-starter-jdbc/2.1.4.RELEASE/spring-boot-starter-jdbc-2.1.4.RELEASE.jar:/home/prashantsingh/.m2/repository/com/zaxxer/HikariCP/3.2.0/HikariCP-3.2.0.jar:/home/prashantsingh/.m2/repository/javax/transaction/javax.transaction-api/1.3/javax.transaction-api-1.3.jar:/home/prashantsingh/.m2/repository/javax/xml/bind/jaxb-api/2.3.1/jaxb-api-2.3.1.jar:/home/prashantsingh/.m2/repository/javax/activation/javax.activation-api/1.2.0/javax.activation-api-1.2.0.jar:/home/prashantsingh/.m2/repository/org/springframework/data/spring-data-jpa/2.1.6.RELEASE/spring-data-jpa-2.1.6.RELEASE.jar:/home/prashantsingh/.m2/repository/org/springframework/spring-orm/5.1.6.RELEASE/spring-orm-5.1.6.RELEASE.jar:/home/prashantsingh/.m2/repository/org/springframework/spring-tx/5.1.6.RELEASE/spring-tx-5.1.6.RELEASE.jar:/home/prashantsingh/.m2/repository/org/springframework/spring-beans/5.1.6.RELEASE/spring-beans-5.1.6.RELEASE.jar:/home/prashantsingh/.m2/repository/org/springframework/spring-aspects/5.1.6.RELEASE/spring-aspects-5.1.6.RELEASE.jar:/home/prashantsingh/.m2/repository/com/opencsv/opencsv/4.1/opencsv-4.1.jar:/home/prashantsingh/.m2/repository/org/apache/commons/commons-lang3/3.8.1/commons-lang3-3.8.1.jar:/home/prashantsingh/.m2/repository/org/apache/commons/commons-text/1.1/commons-text-1.1.jar:/home/prashantsingh/.m2/repository/commons-beanutils/commons-beanutils/1.9.3/commons-beanutils-1.9.3.jar:/home/prashantsingh/.m2/repository/commons-logging/commons-logging/1.2/commons-logging-1.2.jar:/home/prashantsingh/.m2/repository/commons-collections/commons-collections/3.2.2/commons-collections-3.2.2.jar:/home/prashantsingh/.m2/repository/mysql/mysql-connector-java/8.0.15/mysql-connector-java-8.0.15.jar:/home/prashantsingh/.m2/repository/org/springframework/cloud/spring-cloud-starter-task/1.2.3.RELEASE/spring-cloud-starter-task-1.2.3.RELEASE.jar:/home/prashantsingh/.m2/repository/org/springframework/cloud/spring-cloud-task-batch/1.2.3.RELEASE/spring-cloud-task-batch-1.2.3.RELEASE.jar:/home/prashantsingh/.m2/repository/commons-logging/commons-logging-api/1.1/commons-logging-api-1.1.jar:/home/prashantsingh/.m2/repository/org/springframework/cloud/spring-cloud-task-stream/1.2.3.RELEASE/spring-cloud-task-stream-1.2.3.RELEASE.jar:/home/prashantsingh/.m2/repository/org/springframework/cloud/spring-cloud-deployer-spi/1.2.1.RELEASE/spring-cloud-deployer-spi-1.2.1.RELEASE.jar:/home/prashantsingh/.m2/repository/org/springframework/cloud/spring-cloud-task-core/2.1.1.RELEASE/spring-cloud-task-core-2.1.1.RELEASE.jar:/home/prashantsingh/.m2/repository/org/springframework/cloud/spring-cloud-deployer-autoconfigure/2.0.0.RELEASE/spring-cloud-deployer-autoconfigure-2.0.0.RELEASE.jar:/home/prashantsingh/.m2/repository/org/springframework/cloud/spring-cloud-deployer-resource-support/2.0.0.RELEASE/spring-cloud-deployer-resource-support-2.0.0.RELEASE.jar:/home/prashantsingh/.m2/repository/org/springframework/spring-jdbc/5.1.6.RELEASE/spring-jdbc-5.1.6.RELEASE.jar:/home/prashantsingh/.m2/repository/org/springframework/batch/spring-batch-infrastructure/4.1.2.RELEASE/spring-batch-infrastructure-4.1.2.RELEASE.jar:/home/prashantsingh/.m2/repository/org/springframework/retry/spring-retry/1.2.4.RELEASE/spring-retry-1.2.4.RELEASE.jar:/home/prashantsingh/.m2/repository/org/springframework/data/spring-data-commons/2.1.6.RELEASE/spring-data-commons-2.1.6.RELEASE.jar:/home/prashantsingh/.m2/repository/org/hibernate/hibernate-core/5.2.12.Final/hibernate-core-5.2.12.Final.jar:/home/prashantsingh/.m2/repository/org/jboss/logging/jboss-logging/3.3.2.Final/jboss-logging-3.3.2.Final.jar:/home/prashantsingh/.m2/repository/org/hibernate/javax/persistence/hibernate-jpa-2.1-api/1.0.0.Final/hibernate-jpa-2.1-api-1.0.0.Final.jar:/home/prashantsingh/.m2/repository/org/javassist/javassist/3.20.0-GA/javassist-3.20.0-GA.jar:/home/prashantsingh/.m2/repository/antlr/antlr/2.7.7/antlr-2.7.7.jar:/home/prashantsingh/.m2/repository/org/jboss/spec/javax/transaction/jboss-transaction-api_1.2_spec/1.0.1.Final/jboss-transaction-api_1.2_spec-1.0.1.Final.jar:/home/prashantsingh/.m2/repository/org/jboss/jandex/2.0.3.Final/jandex-2.0.3.Final.jar:/home/prashantsingh/.m2/repository/com/fasterxml/classmate/1.4.0/classmate-1.4.0.jar:/home/prashantsingh/.m2/repository/dom4j/dom4j/1.6.1/dom4j-1.6.1.jar:/home/prashantsingh/.m2/repository/org/hibernate/common/hibernate-commons-annotations/5.0.1.Final/hibernate-commons-annotations-5.0.1.Final.jar:/home/prashantsingh/.m2/repository/org/hibernate/hibernate-entitymanager/5.2.12.Final/hibernate-entitymanager-5.2.12.Final.jar:/home/prashantsingh/.m2/repository/net/bytebuddy/byte-buddy/1.9.12/byte-buddy-1.9.12.jar:"/>
    <property name="java.vm.vendor" value="Oracle Corporation"/>
    <property name="sun.arch.data.model" value="64"/>
    <property name="java.vendor.url" value="http://java.oracle.com/"/>
    <property name="user.timezone" value=""/>
    <property name="java.vm.specification.version" value="1.8"/>
    <property name="os.name" value="Linux"/>
    <property name="user.country" value="IN"/>
    <property name="sun.java.launcher" value="SUN_STANDARD"/>
    <property name="sun.boot.library.path" value="/usr/lib/jvm/java-8-oracle/jre/lib/amd64"/>
    <property name="sun.java.command" value="/home/prashantsingh/Desktop/STS_Workspace/taskdemo/target/surefire/surefirebooter3960279123780003112.jar /home/prashantsingh/Desktop/STS_Workspace/taskdemo/target/surefire 2019-04-18T19-25-51_605-jvmRun1 surefire6678820121048197076tmp surefire_03996782740006224805tmp"/>
    <property name="surefire.test.class.path" value="/home/prashantsingh/Desktop/STS_Workspace/taskdemo/target/test-classes:/home/prashantsingh/Desktop/STS_Workspace/taskdemo/target/classes:/home/prashantsingh/.m2/repository/org/springframework/boot/spring-boot-starter/2.1.4.RELEASE/spring-boot-starter-2.1.4.RELEASE.jar:/home/prashantsingh/.m2/repository/org/springframework/boot/spring-boot/2.1.4.RELEASE/spring-boot-2.1.4.RELEASE.jar:/home/prashantsingh/.m2/repository/org/springframework/spring-context/5.1.6.RELEASE/spring-context-5.1.6.RELEASE.jar:/home/prashantsingh/.m2/repository/org/springframework/spring-expression/5.1.6.RELEASE/spring-expression-5.1.6.RELEASE.jar:/home/prashantsingh/.m2/repository/org/springframework/boot/spring-boot-autoconfigure/2.1.4.RELEASE/spring-boot-autoconfigure-2.1.4.RELEASE.jar:/home/prashantsingh/.m2/repository/org/springframework/boot/spring-boot-starter-logging/2.1.4.RELEASE/spring-boot-starter-logging-2.1.4.RELEASE.jar:/home/prashantsingh/.m2/repository/ch/qos/logback/logback-classic/1.2.3/logback-classic-1.2.3.jar:/home/prashantsingh/.m2/repository/ch/qos/logback/logback-core/1.2.3/logback-core-1.2.3.jar:/home/prashantsingh/.m2/repository/org/apache/logging/log4j/log4j-to-slf4j/2.11.2/log4j-to-slf4j-2.11.2.jar:/home/prashantsingh/.m2/repository/org/apache/logging/log4j/log4j-api/2.11.2/log4j-api-2.11.2.jar:/home/prashantsingh/.m2/repository/org/slf4j/jul-to-slf4j/1.7.26/jul-to-slf4j-1.7.26.jar:/home/prashantsingh/.m2/repository/javax/annotation/javax.annotation-api/1.3.2/javax.annotation-api-1.3.2.jar:/home/prashantsingh/.m2/repository/org/springframework/spring-core/5.1.6.RELEASE/spring-core-5.1.6.RELEASE.jar:/home/prashantsingh/.m2/repository/org/springframework/spring-jcl/5.1.6.RELEASE/spring-jcl-5.1.6.RELEASE.jar:/home/prashantsingh/.m2/repository/org/yaml/snakeyaml/1.23/snakeyaml-1.23.jar:/home/prashantsingh/.m2/repository/org/springframework/boot/spring-boot-starter-test/2.1.4.RELEASE/spring-boot-starter-test-2.1.4.RELEASE.jar:/home/prashantsingh/.m2/repository/org/springframework/boot/spring-boot-test/2.1.4.RELEASE/spring-boot-test-2.1.4.RELEASE.jar:/home/prashantsingh/.m2/repository/org/springframework/boot/spring-boot-test-autoconfigure/2.1.4.RELEASE/spring-boot-test-autoconfigure-2.1.4.RELEASE.jar:/home/prashantsingh/.m2/repository/com/jayway/jsonpath/json-path/2.4.0/json-path-2.4.0.jar:/home/prashantsingh/.m2/repository/net/minidev/json-smart/2.3/json-smart-2.3.jar:/home/prashantsingh/.m2/repository/net/minidev/accessors-smart/1.2/accessors-smart-1.2.jar:/home/prashantsingh/.m2/repository/org/ow2/asm/asm/5.0.4/asm-5.0.4.jar:/home/prashantsingh/.m2/repository/org/slf4j/slf4j-api/1.7.26/slf4j-api-1.7.26.jar:/home/prashantsingh/.m2/repository/junit/junit/4.12/junit-4.12.jar:/home/prashantsingh/.m2/repository/org/assertj/assertj-core/3.11.1/assertj-core-3.11.1.jar:/home/prashantsingh/.m2/repository/org/mockito/mockito-core/2.23.4/mockito-core-2.23.4.jar:/home/prashantsingh/.m2/repository/net/bytebuddy/byte-buddy-agent/1.9.12/byte-buddy-agent-1.9.12.jar:/home/prashantsingh/.m2/repository/org/objenesis/objenesis/2.6/objenesis-2.6.jar:/home/prashantsingh/.m2/repository/org/hamcrest/hamcrest-core/1.3/hamcrest-core-1.3.jar:/home/prashantsingh/.m2/repository/org/hamcrest/hamcrest-library/1.3/hamcrest-library-1.3.jar:/home/prashantsingh/.m2/repository/org/skyscreamer/jsonassert/1.5.0/jsonassert-1.5.0.jar:/home/prashantsingh/.m2/repository/com/vaadin/external/google/android-json/0.0.20131108.vaadin1/android-json-0.0.20131108.vaadin1.jar:/home/prashantsingh/.m2/repository/org/springframework/spring-test/5.1.6.RELEASE/spring-test-5.1.6.RELEASE.jar:/home/prashantsingh/.m2/repository/org/xmlunit/xmlunit-core/2.6.2/xmlunit-core-2.6.2.jar:/home/prashantsingh/.m2/repository/log4j/log4j/1.2.17/log4j-1.2.17.jar:/home/prashantsingh/.m2/repository/org/springframework/boot/spring-boot-starter-data-jpa/2.1.4.RELEASE/spring-boot-starter-data-jpa-2.1.4.RELEASE.jar:/home/prashantsingh/.m2/repository/org/springframework/boot/spring-boot-starter-aop/2.1.4.RELEASE/spring-boot-starter-aop-2.1.4.RELEASE.jar:/home/prashantsingh/.m2/repository/org/springframework/spring-aop/5.1.6.RELEASE/spring-aop-5.1.6.RELEASE.jar:/home/prashantsingh/.m2/repository/org/aspectj/aspectjweaver/1.9.2/aspectjweaver-1.9.2.jar:/home/prashantsingh/.m2/repository/org/springframework/boot/spring-boot-starter-jdbc/2.1.4.RELEASE/spring-boot-starter-jdbc-2.1.4.RELEASE.jar:/home/prashantsingh/.m2/repository/com/zaxxer/HikariCP/3.2.0/HikariCP-3.2.0.jar:/home/prashantsingh/.m2/repository/javax/transaction/javax.transaction-api/1.3/javax.transaction-api-1.3.jar:/home/prashantsingh/.m2/repository/javax/xml/bind/jaxb-api/2.3.1/jaxb-api-2.3.1.jar:/home/prashantsingh/.m2/repository/javax/activation/javax.activation-api/1.2.0/javax.activation-api-1.2.0.jar:/home/prashantsingh/.m2/repository/org/springframework/data/spring-data-jpa/2.1.6.RELEASE/spring-data-jpa-2.1.6.RELEASE.jar:/home/prashantsingh/.m2/repository/org/springframework/spring-orm/5.1.6.RELEASE/spring-orm-5.1.6.RELEASE.jar:/home/prashantsingh/.m2/repository/org/springframework/spring-tx/5.1.6.RELEASE/spring-tx-5.1.6.RELEASE.jar:/home/prashantsingh/.m2/repository/org/springframework/spring-beans/5.1.6.RELEASE/spring-beans-5.1.6.RELEASE.jar:/home/prashantsingh/.m2/repository/org/springframework/spring-aspects/5.1.6.RELEASE/spring-aspects-5.1.6.RELEASE.jar:/home/prashantsingh/.m2/repository/com/opencsv/opencsv/4.1/opencsv-4.1.jar:/home/prashantsingh/.m2/repository/org/apache/commons/commons-lang3/3.8.1/commons-lang3-3.8.1.jar:/home/prashantsingh/.m2/repository/org/apache/commons/commons-text/1.1/commons-text-1.1.jar:/home/prashantsingh/.m2/repository/commons-beanutils/commons-beanutils/1.9.3/commons-beanutils-1.9.3.jar:/home/prashantsingh/.m2/repository/commons-logging/commons-logging/1.2/commons-logging-1.2.jar:/home/prashantsingh/.m2/repository/commons-collections/commons-collections/3.2.2/commons-collections-3.2.2.jar:/home/prashantsingh/.m2/repository/mysql/mysql-connector-java/8.0.15/mysql-connector-java-8.0.15.jar:/home/prashantsingh/.m2/repository/org/springframework/cloud/spring-cloud-starter-task/1.2.3.RELEASE/spring-cloud-starter-task-1.2.3.RELEASE.jar:/home/prashantsingh/.m2/repository/org/springframework/cloud/spring-cloud-task-batch/1.2.3.RELEASE/spring-cloud-task-batch-1.2.3.RELEASE.jar:/home/prashantsingh/.m2/repository/commons-logging/commons-logging-api/1.1/commons-logging-api-1.1.jar:/home/prashantsingh/.m2/repository/org/springframework/cloud/spring-cloud-task-stream/1.2.3.RELEASE/spring-cloud-task-stream-1.2.3.RELEASE.jar:/home/prashantsingh/.m2/repository/org/springframework/cloud/spring-cloud-deployer-spi/1.2.1.RELEASE/spring-cloud-deployer-spi-1.2.1.RELEASE.jar:/home/prashantsingh/.m2/repository/org/springframework/cloud/spring-cloud-task-core/2.1.1.RELEASE/spring-cloud-task-core-2.1.1.RELEASE.jar:/home/prashantsingh/.m2/repository/org/springframework/cloud/spring-cloud-deployer-autoconfigure/2.0.0.RELEASE/spring-cloud-deployer-autoconfigure-2.0.0.RELEASE.jar:/home/prashantsingh/.m2/repository/org/springframework/cloud/spring-cloud-deployer-resource-support/2.0.0.RELEASE/spring-cloud-deployer-resource-support-2.0.0.RELEASE.jar:/home/prashantsingh/.m2/repository/org/springframework/spring-jdbc/5.1.6.RELEASE/spring-jdbc-5.1.6.RELEASE.jar:/home/prashantsingh/.m2/repository/org/springframework/batch/spring-batch-infrastructure/4.1.2.RELEASE/spring-batch-infrastructure-4.1.2.RELEASE.jar:/home/prashantsingh/.m2/repository/org/springframework/retry/spring-retry/1.2.4.RELEASE/spring-retry-1.2.4.RELEASE.jar:/home/prashantsingh/.m2/repository/org/springframework/data/spring-data-commons/2.1.6.RELEASE/spring-data-commons-2.1.6.RELEASE.jar:/home/prashantsingh/.m2/repository/org/hibernate/hibernate-core/5.2.12.Final/hibernate-core-5.2.12.Final.jar:/home/prashantsingh/.m2/repository/org/jboss/logging/jboss-logging/3.3.2.Final/jboss-logging-3.3.2.Final.jar:/home/prashantsingh/.m2/repository/org/hibernate/javax/persistence/hibernate-jpa-2.1-api/1.0.0.Final/hibernate-jpa-2.1-api-1.0.0.Final.jar:/home/prashantsingh/.m2/repository/org/javassist/javassist/3.20.0-GA/javassist-3.20.0-GA.jar:/home/prashantsingh/.m2/repository/antlr/antlr/2.7.7/antlr-2.7.7.jar:/home/prashantsingh/.m2/repository/org/jboss/spec/javax/transaction/jboss-transaction-api_1.2_spec/1.0.1.Final/jboss-transaction-api_1.2_spec-1.0.1.Final.jar:/home/prashantsingh/.m2/repository/org/jboss/jandex/2.0.3.Final/jandex-2.0.3.Final.jar:/home/prashantsingh/.m2/repository/com/fasterxml/classmate/1.4.0/classmate-1.4.0.jar:/home/prashantsingh/.m2/repository/dom4j/dom4j/1.6.1/dom4j-1.6.1.jar:/home/prashantsingh/.m2/repository/org/hibernate/common/hibernate-commons-annotations/5.0.1.Final/hibernate-commons-annotations-5.0.1.Final.jar:/home/prashantsingh/.m2/repository/org/hibernate/hibernate-entitymanager/5.2.12.Final/hibernate-entitymanager-5.2.12.Final.jar:/home/prashantsingh/.m2/repository/net/bytebuddy/byte-buddy/1.9.12/byte-buddy-1.9.12.jar:"/>
    <property name="sun.cpu.endian" value="little"/>
    <property name="user.home" value="/home/prashantsingh"/>
    <property name="user.language" value="en"/>
    <property name="java.specification.vendor" value="Oracle Corporation"/>
    <property name="java.home" value="/usr/lib/jvm/java-8-oracle/jre"/>
    <property name="basedir" value="/home/prashantsingh/Desktop/STS_Workspace/taskdemo"/>
    <property name="file.separator" value="/"/>
    <property name="line.separator" value="&#10;"/>
    <property name="java.vm.specification.vendor" value="Oracle Corporation"/>
    <property name="java.specification.name" value="Java Platform API Specification"/>
    <property name="java.awt.graphicsenv" value="sun.awt.X11GraphicsEnvironment"/>
    <property name="surefire.real.class.path" value="/home/prashantsingh/Desktop/STS_Workspace/taskdemo/target/surefire/surefirebooter3960279123780003112.jar"/>
    <property name="sun.boot.class.path" value="/usr/lib/jvm/java-8-oracle/jre/lib/resources.jar:/usr/lib/jvm/java-8-oracle/jre/lib/rt.jar:/usr/lib/jvm/java-8-oracle/jre/lib/sunrsasign.jar:/usr/lib/jvm/java-8-oracle/jre/lib/jsse.jar:/usr/lib/jvm/java-8-oracle/jre/lib/jce.jar:/usr/lib/jvm/java-8-oracle/jre/lib/charsets.jar:/usr/lib/jvm/java-8-oracle/jre/lib/jfr.jar:/usr/lib/jvm/java-8-oracle/jre/classes"/>
    <property name="sun.management.compiler" value="HotSpot 64-Bit Tiered Compilers"/>
    <property name="java.runtime.version" value="1.8.0_201-b09"/>
    <property name="user.name" value="prashantsingh"/>
    <property name="path.separator" value=":"/>
    <property name="os.version" value="4.15.0-47-generic"/>
    <property name="java.endorsed.dirs" value="/usr/lib/jvm/java-8-oracle/jre/lib/endorsed"/>
    <property name="java.runtime.name" value="Java(TM) SE Runtime Environment"/>
    <property name="file.encoding" value="UTF-8"/>
    <property name="java.vm.name" value="Java HotSpot(TM) 64-Bit Server VM"/>
    <property name="localRepository" value="/home/prashantsingh/.m2/repository"/>
    <property name="java.vendor.url.bug" value="http://bugreport.sun.com/bugreport/"/>
    <property name="java.io.tmpdir" value="/tmp"/>
    <property name="java.version" value="1.8.0_201"/>
    <property name="user.dir" value="/home/prashantsingh/Desktop/STS_Workspace/taskdemo"/>
    <property name="os.arch" value="amd64"/>
    <property name="java.vm.specification.name" value="Java Virtual Machine Specification"/>
    <property name="java.awt.printerjob" value="sun.print.PSPrinterJob"/>
    <property name="sun.os.patch.level" value="unknown"/>
    <property name="java.library.path" value="/usr/java/packages/lib/amd64:/usr/lib64:/lib64:/lib:/usr/lib"/>
    <property name="java.vm.info" value="mixed mode"/>
    <property name="java.vendor" value="Oracle Corporation"/>
    <property name="java.vm.version" value="25.201-b09"/>
    <property name="java.ext.dirs" value="/usr/lib/jvm/java-8-oracle/jre/lib/ext:/usr/java/packages/lib/ext"/>
    <property name="sun.io.unicode.encoding" value="UnicodeLittle"/>
    <property name="java.class.version" value="52.0"/>
  </properties>
  <testcase name="contextLoads" classname="com.hello.hello.HelloApplicationTests" time="0.295"/>
</testsuite>